Determining if the pthread_create exist failed with the following output:
Change Dir: /home/stenmarken3/Egna/actions-test/venne/build/catkin_tools_prebuild/CMakeFiles/CMakeTmp

Run Build Command:"/usr/bin/make" "cmTC_2cf6e/fast"
/usr/bin/make -f CMakeFiles/cmTC_2cf6e.dir/build.make CMakeFiles/cmTC_2cf6e.dir/build
make[1]: Entering directory '/home/stenmarken3/Egna/actions-test/venne/build/catkin_tools_prebuild/CMakeFiles/CMakeTmp'
Building C object CMakeFiles/cmTC_2cf6e.dir/CheckSymbolExists.c.o
/usr/bin/cc    -o CMakeFiles/cmTC_2cf6e.dir/CheckSymbolExists.c.o   -c /home/stenmarken3/Egna/actions-test/venne/build/catkin_tools_prebuild/CMakeFiles/CMakeTmp/CheckSymbolExists.c
Linking C executable cmTC_2cf6e
/usr/bin/cmake -E cmake_link_script CMakeFiles/cmTC_2cf6e.dir/link.txt --verbose=1
/usr/bin/cc      -rdynamic CMakeFiles/cmTC_2cf6e.dir/CheckSymbolExists.c.o  -o cmTC_2cf6e 
CMakeFiles/cmTC_2cf6e.dir/CheckSymbolExists.c.o: In function `main':
CheckSymbolExists.c:(.text+0x1b): undefined reference to `pthread_create'
collect2: error: ld returned 1 exit status
CMakeFiles/cmTC_2cf6e.dir/build.make:97: recipe for target 'cmTC_2cf6e' failed
make[1]: *** [cmTC_2cf6e] Error 1
make[1]: Leaving directory '/home/stenmarken3/Egna/actions-test/venne/build/catkin_tools_prebuild/CMakeFiles/CMakeTmp'
Makefile:126: recipe for target 'cmTC_2cf6e/fast' failed
make: *** [cmTC_2cf6e/fast] Error 2

File /home/stenmarken3/Egna/actions-test/venne/build/catkin_tools_prebuild/CMakeFiles/CMakeTmp/CheckSymbolExists.c:
/* */
#include <pthread.h>

int main(int argc, char** argv)
{
  (void)argv;
#ifndef pthread_create
  return ((int*)(&pthread_create))[argc];
#else
  (void)argc;
  return 0;
#endif
}

Determining if the function pthread_create exists in the pthreads failed with the following output:
Change Dir: /home/stenmarken3/Egna/actions-test/venne/build/catkin_tools_prebuild/CMakeFiles/CMakeTmp

Run Build Command:"/usr/bin/make" "cmTC_5fec1/fast"
/usr/bin/make -f CMakeFiles/cmTC_5fec1.dir/build.make CMakeFiles/cmTC_5fec1.dir/build
make[1]: Entering directory '/home/stenmarken3/Egna/actions-test/venne/build/catkin_tools_prebuild/CMakeFiles/CMakeTmp'
Building C object CMakeFiles/cmTC_5fec1.dir/CheckFunctionExists.c.o
/usr/bin/cc   -DCHECK_FUNCTION_EXISTS=pthread_create   -o CMakeFiles/cmTC_5fec1.dir/CheckFunctionExists.c.o   -c /usr/share/cmake-3.10/Modules/CheckFunctionExists.c
Linking C executable cmTC_5fec1
/usr/bin/cmake -E cmake_link_script CMakeFiles/cmTC_5fec1.dir/link.txt --verbose=1
/usr/bin/cc  -DCHECK_FUNCTION_EXISTS=pthread_create    -rdynamic CMakeFiles/cmTC_5fec1.dir/CheckFunctionExists.c.o  -o cmTC_5fec1 -lpthreads 
/usr/bin/ld: cannot find -lpthreads
collect2: error: ld returned 1 exit status
CMakeFiles/cmTC_5fec1.dir/build.make:97: recipe for target 'cmTC_5fec1' failed
make[1]: *** [cmTC_5fec1] Error 1
make[1]: Leaving directory '/home/stenmarken3/Egna/actions-test/venne/build/catkin_tools_prebuild/CMakeFiles/CMakeTmp'
Makefile:126: recipe for target 'cmTC_5fec1/fast' failed
make: *** [cmTC_5fec1/fast] Error 2


